#
# There is insufficient memory for the Java Runtime Environment to continue.
# Native memory allocation (mmap) failed to map 266338304 bytes. Error detail: G1 virtual space
# Possible reasons:
#   The system is out of physical RAM or swap space
#   This process is running with CompressedOops enabled, and the Java Heap may be blocking the growth of the native heap
# Possible solutions:
#   Reduce memory load on the system
#   Increase physical memory or swap space
#   Check if swap backing store is full
#   Decrease Java heap size (-Xmx/-Xms)
#   Decrease number of Java threads
#   Decrease Java thread stack sizes (-Xss)
#   Set larger code cache with -XX:ReservedCodeCacheSize=
#   JVM is running with Zero Based Compressed Oops mode in which the Java heap is
#     placed in the first 32GB address space. The Java Heap base address is the
#     maximum limit for the native heap growth. Please use -XX:HeapBaseMinAddress
#     to set the Java Heap base and to place the Java Heap above 32GB virtual address.
# This output file may be truncated or incomplete.
#
#  Out of Memory Error (os_windows.cpp:3616), pid=3108, tid=17504
#
# JRE version:  (21.0.5+11) (build )
# Java VM: OpenJDK 64-Bit Server VM (21.0.5+11-LTS, mixed mode, sharing, tiered, compressed oops, compressed class ptrs, g1 gc, windows-amd64)
# No core dump will be written. Minidumps are not enabled by default on client versions of Windows
#

---------------  S U M M A R Y ------------

Command Line: --module-path=C:\Users\ASUS\Downloads\openjfx-23.0.2_windows-x64_bin-sdk (2)\javafx-sdk-23.0.2\lib --add-modules=javafx.controls,javafx.fxml -Dfile.encoding=UTF-8 -Dstdout.encoding=UTF-8 -Dstderr.encoding=UTF-8 -XX:+ShowCodeDetailsInExceptionMessages DentalManagementSystem.main

Host: AMD Ryzen 7 7435HS                             , 16 cores, 15G,  Windows 11 , 64 bit Build 26100 (10.0.26100.3323)
Time: Sun Mar 16 18:26:57 2025 Nepal Standard Time elapsed time: 1.033096 seconds (0d 0h 0m 1s)

---------------  T H R E A D  ---------------

Current thread (0x000001f9ea900b80):  JavaThread "Unknown thread" [_thread_in_vm, id=17504, stack(0x000000b837300000,0x000000b837400000) (1024K)]

Stack: [0x000000b837300000,0x000000b837400000]
Native frames: (J=compiled Java code, j=interpreted, Vv=VM code, C=native code)
V  [jvm.dll+0x6cd4e9]
V  [jvm.dll+0x8a7941]
V  [jvm.dll+0x8a9e6e]
V  [jvm.dll+0x8aa543]
V  [jvm.dll+0x27f6d6]
V  [jvm.dll+0x6c9c25]
V  [jvm.dll+0x6be84a]
V  [jvm.dll+0x355c6a]
V  [jvm.dll+0x35d836]
V  [jvm.dll+0x3af40e]
V  [jvm.dll+0x3af6b8]
V  [jvm.dll+0x329dfc]
V  [jvm.dll+0x32a95b]
V  [jvm.dll+0x870ba9]
V  [jvm.dll+0x3bc1e1]
V  [jvm.dll+0x859cd3]
V  [jvm.dll+0x4504ee]
V  [jvm.dll+0x452131]
C  [jli.dll+0x5278]
C  [ucrtbase.dll+0x37b0]
C  [KERNEL32.DLL+0x2e8d7]
C  [ntdll.dll+0xbbf6c]


---------------  P R O C E S S  ---------------

Threads class SMR info:
_java_thread_list=0x00007ff80d0b90c8, length=0, elements={
}

Java Threads: ( => current thread )
Total: 0

Other Threads:
  0x000001f9ec352bb0 WorkerThread "GC Thread#0"                     [id=42456, stack(0x000000b837400000,0x000000b837500000) (1024K)]
  0x000001f9ec363920 ConcurrentGCThread "G1 Main Marker"            [id=43140, stack(0x000000b837500000,0x000000b837600000) (1024K)]
  0x000001f9ec3655d0 WorkerThread "G1 Conc#0"                       [id=16732, stack(0x000000b837600000,0x000000b837700000) (1024K)]

[error occurred during error reporting (printing all threads), id 0xc0000005, EXCEPTION_ACCESS_VIOLATION (0xc0000005) at pc=0x00007ff80c7bc727]
VM state: not at safepoint (not fully initialized)

VM Mutex/Monitor currently owned by a thread:  ([mutex/lock_event])
[0x00007ff80d12d480] Heap_lock - owner thread: 0x000001f9ea900b80

Heap address: 0x0000000702c00000, size: 4052 MB, Compressed Oops mode: Zero based, Oop shift amount: 3

CDS archive(s) mapped at: [0x0000000000000000-0x0000000000000000-0x0000000000000000), size 0, SharedBaseAddress: 0x0000000800000000, ArchiveRelocationMode: 1.
Narrow klass base: 0x0000000000000000, Narrow klass shift: 0, Narrow klass range: 0x0

GC Precious Log:
 CardTable entry size: 512
 Card Set container configuration: InlinePtr #cards 4 size 8 Array Of Cards #cards 16 size 48 Howl #buckets 8 coarsen threshold 3686 Howl Bitmap #cards 512 size 80 coarsen threshold 460 Card regions per heap region 1 cards per card region 4096

Heap:
 garbage-first heap   total 0K, used 0K [0x0000000702c00000, 0x0000000800000000)
  region size 2048K, 0 young (0K), 0 survivors (0K)

[error occurred during error reporting (printing heap information), id 0xc0000005, EXCEPTION_ACCESS_VIOLATION (0xc0000005) at pc=0x00007ff80cba6f49]
GC Heap History (0 events):
No events

Dll operation events (1 events):
Event: 0.007 Loaded shared library C:\Java_Softwares\eclipse-java-2024-12-R-win32-x86_64\eclipse\plugins\org.eclipse.justj.openjdk.hotspot.jre.full.win32.x86_64_21.0.5.v20241023-1957\jre\bin\java.dll

Deoptimization events (0 events):
No events

Classes loaded (0 events):
No events

Classes unloaded (0 events):
No events

Classes redefined (0 events):
No events

Internal exceptions (0 events):
No events

ZGC Phase Switch (0 events):
No events

VM Operations (0 events):
No events

Memory protections (0 events):
No events

Nmethod flushes (0 events):
No events

Events (0 events):
No events


Dynamic libraries:
0x00007ff77c400000 - 0x00007ff77c40e000 	C:\Java_Softwares\eclipse-java-2024-12-R-win32-x86_64\eclipse\plugins\org.eclipse.justj.openjdk.hotspot.jre.full.win32.x86_64_21.0.5.v20241023-1957\jre\bin\javaw.exe
0x00007ff8b8f60000 - 0x00007ff8b91c3000 	C:\WINDOWS\SYSTEM32\ntdll.dll
0x00007ff8b6d80000 - 0x00007ff8b6e47000 	C:\WINDOWS\System32\KERNEL32.DLL
0x00007ff8b69b0000 - 0x00007ff8b6d79000 	C:\WINDOWS\System32\KERNELBASE.dll
0x00007ff8b6160000 - 0x00007ff8b62ac000 	C:\WINDOWS\System32\ucrtbase.dll
0x00007ff8a1d60000 - 0x00007ff8a1d78000 	C:\Java_Softwares\eclipse-java-2024-12-R-win32-x86_64\eclipse\plugins\org.eclipse.justj.openjdk.hotspot.jre.full.win32.x86_64_21.0.5.v20241023-1957\jre\bin\jli.dll
0x00007ff8a1d40000 - 0x00007ff8a1d5e000 	C:\Java_Softwares\eclipse-java-2024-12-R-win32-x86_64\eclipse\plugins\org.eclipse.justj.openjdk.hotspot.jre.full.win32.x86_64_21.0.5.v20241023-1957\jre\bin\VCRUNTIME140.dll
0x00007ff8b8cd0000 - 0x00007ff8b8e9a000 	C:\WINDOWS\System32\USER32.dll
0x00007ff8b6400000 - 0x00007ff8b6427000 	C:\WINDOWS\System32\win32u.dll
0x00007ff89c160000 - 0x00007ff89c3f0000 	C:\WINDOWS\WinSxS\amd64_microsoft.windows.common-controls_6595b64144ccf1df_6.0.26100.3323_none_3e088096e3344490\COMCTL32.dll
0x00007ff8b88a0000 - 0x00007ff8b88ca000 	C:\WINDOWS\System32\GDI32.dll
0x00007ff8b8b20000 - 0x00007ff8b8bc9000 	C:\WINDOWS\System32\msvcrt.dll
0x00007ff8b6430000 - 0x00007ff8b6561000 	C:\WINDOWS\System32\gdi32full.dll
0x00007ff8b6900000 - 0x00007ff8b69a3000 	C:\WINDOWS\System32\msvcp_win.dll
0x00007ff8b8980000 - 0x00007ff8b89af000 	C:\WINDOWS\System32\IMM32.DLL
0x00007ff8b1520000 - 0x00007ff8b152c000 	C:\Java_Softwares\eclipse-java-2024-12-R-win32-x86_64\eclipse\plugins\org.eclipse.justj.openjdk.hotspot.jre.full.win32.x86_64_21.0.5.v20241023-1957\jre\bin\vcruntime140_1.dll
0x00007ff8924b0000 - 0x00007ff89253d000 	C:\Java_Softwares\eclipse-java-2024-12-R-win32-x86_64\eclipse\plugins\org.eclipse.justj.openjdk.hotspot.jre.full.win32.x86_64_21.0.5.v20241023-1957\jre\bin\msvcp140.dll
0x00007ff80c480000 - 0x00007ff80d20f000 	C:\Java_Softwares\eclipse-java-2024-12-R-win32-x86_64\eclipse\plugins\org.eclipse.justj.openjdk.hotspot.jre.full.win32.x86_64_21.0.5.v20241023-1957\jre\bin\server\jvm.dll
0x00007ff8b86a0000 - 0x00007ff8b8752000 	C:\WINDOWS\System32\ADVAPI32.dll
0x00007ff8b8760000 - 0x00007ff8b8806000 	C:\WINDOWS\System32\sechost.dll
0x00007ff8b7b30000 - 0x00007ff8b7c46000 	C:\WINDOWS\System32\RPCRT4.dll
0x00007ff8b7030000 - 0x00007ff8b70a4000 	C:\WINDOWS\System32\WS2_32.dll
0x00007ff8b4e10000 - 0x00007ff8b4e5e000 	C:\WINDOWS\SYSTEM32\POWRPROF.dll
0x00007ff8a9810000 - 0x00007ff8a9846000 	C:\WINDOWS\SYSTEM32\WINMM.dll
0x00007ff8aee20000 - 0x00007ff8aee2b000 	C:\WINDOWS\SYSTEM32\VERSION.dll
0x00007ff8b4df0000 - 0x00007ff8b4e04000 	C:\WINDOWS\SYSTEM32\UMPDC.dll
0x00007ff8b5090000 - 0x00007ff8b50aa000 	C:\WINDOWS\SYSTEM32\kernel.appcore.dll
0x00007ff8b1640000 - 0x00007ff8b164a000 	C:\Java_Softwares\eclipse-java-2024-12-R-win32-x86_64\eclipse\plugins\org.eclipse.justj.openjdk.hotspot.jre.full.win32.x86_64_21.0.5.v20241023-1957\jre\bin\jimage.dll
0x00007ff89e1f0000 - 0x00007ff89e431000 	C:\WINDOWS\SYSTEM32\DBGHELP.DLL
0x00007ff8b70b0000 - 0x00007ff8b7432000 	C:\WINDOWS\System32\combase.dll
0x00007ff8b89e0000 - 0x00007ff8b8ab6000 	C:\WINDOWS\System32\OLEAUT32.dll
0x00007ff895da0000 - 0x00007ff895dd9000 	C:\WINDOWS\SYSTEM32\dbgcore.DLL
0x00007ff8b6570000 - 0x00007ff8b6609000 	C:\WINDOWS\System32\bcryptPrimitives.dll
0x00007ff8a1de0000 - 0x00007ff8a1dff000 	C:\Java_Softwares\eclipse-java-2024-12-R-win32-x86_64\eclipse\plugins\org.eclipse.justj.openjdk.hotspot.jre.full.win32.x86_64_21.0.5.v20241023-1957\jre\bin\java.dll

dbghelp: loaded successfully - version: 4.0.5 - missing functions: none
symbol engine: initialized successfully - sym options: 0x614 - pdb path: .;C:\Java_Softwares\eclipse-java-2024-12-R-win32-x86_64\eclipse\plugins\org.eclipse.justj.openjdk.hotspot.jre.full.win32.x86_64_21.0.5.v20241023-1957\jre\bin;C:\WINDOWS\SYSTEM32;C:\WINDOWS\WinSxS\amd64_microsoft.windows.common-controls_6595b64144ccf1df_6.0.26100.3323_none_3e088096e3344490;C:\Java_Softwares\eclipse-java-2024-12-R-win32-x86_64\eclipse\plugins\org.eclipse.justj.openjdk.hotspot.jre.full.win32.x86_64_21.0.5.v20241023-1957\jre\bin\server

VM Arguments:
jvm_args: --module-path=C:\Users\ASUS\Downloads\openjfx-23.0.2_windows-x64_bin-sdk (2)\javafx-sdk-23.0.2\lib --add-modules=javafx.controls,javafx.fxml -Dfile.encoding=UTF-8 -Dstdout.encoding=UTF-8 -Dstderr.encoding=UTF-8 -XX:+ShowCodeDetailsInExceptionMessages 
java_command: DentalManagementSystem.main
java_class_path (initial): C:\Users\ASUS\eclipse-workspace\DentalManagementSystem\bin;C:\Users\ASUS\Downloads\openjfx-23.0.2_windows-x64_bin-sdk (2)\javafx-sdk-23.0.2\lib\javafx.base.jar;C:\Users\ASUS\Downloads\openjfx-23.0.2_windows-x64_bin-sdk (2)\javafx-sdk-23.0.2\lib\javafx.controls.jar;C:\Users\ASUS\Downloads\openjfx-23.0.2_windows-x64_bin-sdk (2)\javafx-sdk-23.0.2\lib\javafx.fxml.jar;C:\Users\ASUS\Downloads\openjfx-23.0.2_windows-x64_bin-sdk (2)\javafx-sdk-23.0.2\lib\javafx.graphics.jar;C:\Users\ASUS\Downloads\openjfx-23.0.2_windows-x64_bin-sdk (2)\javafx-sdk-23.0.2\lib\javafx.media.jar;C:\Users\ASUS\Downloads\openjfx-23.0.2_windows-x64_bin-sdk (2)\javafx-sdk-23.0.2\lib\javafx.swing.jar;C:\Users\ASUS\Downloads\openjfx-23.0.2_windows-x64_bin-sdk (2)\javafx-sdk-23.0.2\lib\javafx.web.jar;C:\Users\ASUS\Downloads\openjfx-23.0.2_windows-x64_bin-sdk (2)\javafx-sdk-23.0.2\lib\javafx-swt.jar
Launcher Type: SUN_STANDARD

[Global flags]
     intx CICompilerCount                          = 12                                        {product} {ergonomic}
     uint ConcGCThreads                            = 3                                         {product} {ergonomic}
     uint G1ConcRefinementThreads                  = 13                                        {product} {ergonomic}
   size_t G1HeapRegionSize                         = 2097152                                   {product} {ergonomic}
    uintx GCDrainStackTargetSize                   = 64                                        {product} {ergonomic}
   size_t InitialHeapSize                          = 266338304                                 {product} {ergonomic}
   size_t MarkStackSize                            = 4194304                                   {product} {ergonomic}
   size_t MaxHeapSize                              = 4248829952                                {product} {ergonomic}
   size_t MinHeapDeltaBytes                        = 2097152                                   {product} {ergonomic}
   size_t MinHeapSize                              = 8388608                                   {product} {ergonomic}
    uintx NonNMethodCodeHeapSize                   = 7602480                                {pd product} {ergonomic}
    uintx NonProfiledCodeHeapSize                  = 122027880                              {pd product} {ergonomic}
    uintx ProfiledCodeHeapSize                     = 122027880                              {pd product} {ergonomic}
    uintx ReservedCodeCacheSize                    = 251658240                              {pd product} {ergonomic}
     bool SegmentedCodeCache                       = true                                      {product} {ergonomic}
     bool ShowCodeDetailsInExceptionMessages       = true                                   {manageable} {command line}
   size_t SoftMaxHeapSize                          = 4248829952                             {manageable} {ergonomic}
     bool UseCompressedOops                        = true                           {product lp64_product} {ergonomic}
     bool UseG1GC                                  = true                                      {product} {ergonomic}
     bool UseLargePagesIndividualAllocation        = false                                  {pd product} {ergonomic}

Logging:
Log output configuration:
 #0: stdout all=warning uptime,level,tags foldmultilines=false
 #1: stderr all=off uptime,level,tags foldmultilines=false

Environment Variables:
JAVA_HOME=C:\Program Files\Java\jdk-21
PATH=C:/Java_Softwares/eclipse-java-2024-12-R-win32-x86_64/eclipse//plugins/org.eclipse.justj.openjdk.hotspot.jre.full.win32.x86_64_21.0.5.v20241023-1957/jre/bin/server;C:/Java_Softwares/eclipse-java-2024-12-R-win32-x86_64/eclipse//plugins/org.eclipse.justj.openjdk.hotspot.jre.full.win32.x86_64_21.0.5.v20241023-1957/jre/bin;C:\Program Files\Common Files\Oracle\Java\javapath;C:\WINDOWS\system32;C:\WINDOWS;C:\WINDOWS\System32\Wbem;C:\WINDOWS\System32\WindowsPowerShell\v1.0\;C:\WINDOWS\System32\OpenSSH\;C:\Program Files (x86)\NVIDIA Corporation\PhysX\Common;C:\Program Files\NVIDIA Corporation\NVIDIA NvDLISR;C:\Program Files\dotnet\;C:\Program Files\Git\cmd;C:\Program Files\MySQL\MySQL Shell 8.0\bin\;C:\Users\ASUS\AppData\Local\Microsoft\WindowsApps;C:\Program Files\Java\jdk-21;C:\Users\ASUS\AppData\Local\Programs\Microsoft VS Code\bin;;C:\Java_Softwares\eclipse-java-2024-12-R-win32-x86_64\eclipse;
USERNAME=ASUS
OS=Windows_NT
PROCESSOR_IDENTIFIER=AMD64 Family 25 Model 68 Stepping 1, AuthenticAMD
TMP=C:\Users\ASUS\AppData\Local\Temp
TEMP=C:\Users\ASUS\AppData\Local\Temp




Periodic native trim disabled

---------------  S Y S T E M  ---------------

OS:
 Windows 11 , 64 bit Build 26100 (10.0.26100.3323)
OS uptime: 3 days 8:17 hours

CPU: total 16 (initial active 16) (16 cores per cpu, 2 threads per core) family 25 model 68 stepping 1 microcode 0xa404107, cx8, cmov, fxsr, ht, mmx, 3dnowpref, sse, sse2, sse3, ssse3, sse4a, sse4.1, sse4.2, popcnt, lzcnt, tsc, tscinvbit, avx, avx2, aes, erms, clmul, bmi1, bmi2, adx, sha, fma, vzeroupper, clflush, clflushopt, rdtscp, rdpid, fsrm, f16c, pku, cet_ss
Processor Information for all 16 processors :
  Max Mhz: 3100, Current Mhz: 3100, Mhz Limit: 3100

Memory: 4k page, system-wide physical 16202M (4312M free)
TotalPageFile size 48168M (AvailPageFile size 175M)
current process WorkingSet (physical memory assigned to process): 12M, peak: 12M
current process commit charge ("private bytes"): 70M, peak: 324M

vm_info: OpenJDK 64-Bit Server VM (21.0.5+11-LTS) for windows-amd64 JRE (21.0.5+11-LTS), built on 2024-10-15T00:00:00Z by "admin" with MS VC++ 17.7 (VS2022)

END.
